{"/Users/steveyeh/Cursor/student-system/backend/src/app.ts": {"path":"/Users/steveyeh/Cursor/student-system/backend/src/app.ts","statementMap":{"0":{"start":{"line":1,"column":0},"end":{"line":1,"column":26}},"1":{"start":{"line":2,"column":0},"end":{"line":2,"column":30}},"2":{"start":{"line":3,"column":0},"end":{"line":3,"column":24}},"3":{"start":{"line":6,"column":0},"end":{"line":6,"column":46}},"4":{"start":{"line":7,"column":0},"end":{"line":7,"column":50}},"5":{"start":{"line":8,"column":0},"end":{"line":8,"column":52}},"6":{"start":{"line":9,"column":0},"end":{"line":9,"column":58}},"7":{"start":{"line":11,"column":12},"end":{"line":11,"column":21}},"8":{"start":{"line":28,"column":9},"end":{"line":28,"column":12}},"9":{"start":{"line":13,"column":0},"end":{"line":13,"column":16}},"10":{"start":{"line":14,"column":0},"end":{"line":14,"column":24}},"11":{"start":{"line":17,"column":0},"end":{"line":17,"column":71}},"12":{"start":{"line":18,"column":0},"end":{"line":20,"column":2}},"13":{"start":{"line":23,"column":0},"end":{"line":23,"column":33}},"14":{"start":{"line":24,"column":0},"end":{"line":24,"column":38}},"15":{"start":{"line":25,"column":0},"end":{"line":25,"column":40}},"16":{"start":{"line":26,"column":0},"end":{"line":26,"column":46}}},"fnMap":{},"branchMap":{},"s":{"0":3,"1":3,"2":3,"3":3,"4":3,"5":3,"6":3,"7":3,"8":3,"9":3,"10":3,"11":3,"12":3,"13":3,"14":3,"15":3,"16":3},"f":{},"b":{}}
,"/Users/steveyeh/Cursor/student-system/backend/src/config/database.ts": {"path":"/Users/steveyeh/Cursor/student-system/backend/src/config/database.ts","statementMap":{"0":{"start":{"line":1,"column":0},"end":{"line":1,"column":37}},"1":{"start":{"line":2,"column":0},"end":{"line":2,"column":38}},"2":{"start":{"line":3,"column":0},"end":{"line":3,"column":42}},"3":{"start":{"line":4,"column":0},"end":{"line":4,"column":44}},"4":{"start":{"line":5,"column":0},"end":{"line":5,"column":62}},"5":{"start":{"line":6,"column":0},"end":{"line":6,"column":28}},"6":{"start":{"line":8,"column":0},"end":{"line":8,"column":16}},"7":{"start":{"line":10,"column":26},"end":{"line":10,"column":57}},"8":{"start":{"line":12,"column":13},"end":{"line":35,"column":2}}},"fnMap":{},"branchMap":{"0":{"loc":{"start":{"line":13,"column":2},"end":{"line":34,"column":null}},"type":"cond-expr","locations":[{"start":{"line":14,"column":6},"end":{"line":21,"column":null}},{"start":{"line":22,"column":6},"end":{"line":34,"column":null}}]},"1":{"loc":{"start":{"line":24,"column":14},"end":{"line":24,"column":48}},"type":"binary-expr","locations":[{"start":{"line":24,"column":14},"end":{"line":24,"column":33}},{"start":{"line":24,"column":37},"end":{"line":24,"column":48}}]},"2":{"loc":{"start":{"line":25,"column":23},"end":{"line":25,"column":52}},"type":"binary-expr","locations":[{"start":{"line":25,"column":23},"end":{"line":25,"column":42}},{"start":{"line":25,"column":46},"end":{"line":25,"column":52}}]},"3":{"loc":{"start":{"line":26,"column":18},"end":{"line":26,"column":47}},"type":"binary-expr","locations":[{"start":{"line":26,"column":18},"end":{"line":26,"column":37}},{"start":{"line":26,"column":41},"end":{"line":26,"column":47}}]},"4":{"loc":{"start":{"line":27,"column":18},"end":{"line":27,"column":51}},"type":"binary-expr","locations":[{"start":{"line":27,"column":18},"end":{"line":27,"column":41}},{"start":{"line":27,"column":45},"end":{"line":27,"column":51}}]},"5":{"loc":{"start":{"line":28,"column":18},"end":{"line":28,"column":57}},"type":"binary-expr","locations":[{"start":{"line":28,"column":18},"end":{"line":28,"column":37}},{"start":{"line":28,"column":41},"end":{"line":28,"column":57}}]}},"s":{"0":3,"1":3,"2":3,"3":3,"4":3,"5":3,"6":3,"7":3,"8":3},"f":{},"b":{"0":[3,0],"1":[0,0],"2":[0,0],"3":[0,0],"4":[0,0],"5":[0,0]}}
,"/Users/steveyeh/Cursor/student-system/backend/src/controllers/attendance.controller.ts": {"path":"/Users/steveyeh/Cursor/student-system/backend/src/controllers/attendance.controller.ts","statementMap":{"0":{"start":{"line":2,"column":0},"end":{"line":2,"column":51}},"1":{"start":{"line":3,"column":0},"end":{"line":3,"column":80}},"2":{"start":{"line":4,"column":0},"end":{"line":4,"column":44}},"3":{"start":{"line":5,"column":0},"end":{"line":5,"column":48}},"4":{"start":{"line":7,"column":0},"end":{"line":7,"column":29}},"5":{"start":{"line":9,"column":29},"end":{"line":9,"column":74}},"6":{"start":{"line":10,"column":26},"end":{"line":10,"column":62}},"7":{"start":{"line":11,"column":23},"end":{"line":11,"column":56}},"8":{"start":{"line":13,"column":32},"end":{"line":102,"column":1}},"9":{"start":{"line":14,"column":2},"end":{"line":101,"column":3}},"10":{"start":{"line":15,"column":17},"end":{"line":15,"column":33}},"11":{"start":{"line":16,"column":4},"end":{"line":21,"column":5}},"12":{"start":{"line":17,"column":6},"end":{"line":20,"column":9}},"13":{"start":{"line":23,"column":26},"end":{"line":23,"column":57}},"14":{"start":{"line":24,"column":4},"end":{"line":24,"column":44}},"15":{"start":{"line":27,"column":4},"end":{"line":34,"column":5}},"16":{"start":{"line":28,"column":6},"end":{"line":28,"column":52}},"17":{"start":{"line":29,"column":6},"end":{"line":29,"column":63}},"18":{"start":{"line":30,"column":6},"end":{"line":33,"column":9}},"19":{"start":{"line":37,"column":20},"end":{"line":40,"column":6}},"20":{"start":{"line":42,"column":4},"end":{"line":47,"column":5}},"21":{"start":{"line":43,"column":6},"end":{"line":46,"column":9}},"22":{"start":{"line":50,"column":4},"end":{"line":55,"column":5}},"23":{"start":{"line":51,"column":6},"end":{"line":54,"column":9}},"24":{"start":{"line":58,"column":20},"end":{"line":60,"column":6}},"25":{"start":{"line":62,"column":4},"end":{"line":67,"column":5}},"26":{"start":{"line":63,"column":6},"end":{"line":66,"column":9}},"27":{"start":{"line":70,"column":27},"end":{"line":75,"column":6}},"28":{"start":{"line":77,"column":4},"end":{"line":82,"column":5}},"29":{"start":{"line":78,"column":6},"end":{"line":81,"column":9}},"30":{"start":{"line":84,"column":23},"end":{"line":84,"column":45}},"31":{"start":{"line":85,"column":4},"end":{"line":85,"column":45}},"32":{"start":{"line":87,"column":4},"end":{"line":87,"column":48}},"33":{"start":{"line":89,"column":4},"end":{"line":94,"column":7}},"34":{"start":{"line":96,"column":4},"end":{"line":96,"column":38}},"35":{"start":{"line":97,"column":4},"end":{"line":100,"column":7}},"36":{"start":{"line":13,"column":13},"end":{"line":13,"column":32}},"37":{"start":{"line":104,"column":36},"end":{"line":176,"column":1}},"38":{"start":{"line":105,"column":2},"end":{"line":175,"column":3}},"39":{"start":{"line":106,"column":17},"end":{"line":106,"column":33}},"40":{"start":{"line":107,"column":4},"end":{"line":112,"column":5}},"41":{"start":{"line":108,"column":6},"end":{"line":111,"column":9}},"42":{"start":{"line":114,"column":40},"end":{"line":114,"column":75}},"43":{"start":{"line":117,"column":20},"end":{"line":120,"column":6}},"44":{"start":{"line":122,"column":4},"end":{"line":127,"column":5}},"45":{"start":{"line":123,"column":6},"end":{"line":126,"column":9}},"46":{"start":{"line":130,"column":4},"end":{"line":135,"column":5}},"47":{"start":{"line":131,"column":6},"end":{"line":134,"column":9}},"48":{"start":{"line":138,"column":21},"end":{"line":143,"column":6}},"49":{"start":{"line":145,"column":4},"end":{"line":150,"column":5}},"50":{"start":{"line":146,"column":6},"end":{"line":149,"column":9}},"51":{"start":{"line":153,"column":24},"end":{"line":159,"column":6}},"52":{"start":{"line":154,"column":25},"end":{"line":154,"column":47}},"53":{"start":{"line":155,"column":6},"end":{"line":155,"column":41}},"54":{"start":{"line":156,"column":6},"end":{"line":156,"column":41}},"55":{"start":{"line":157,"column":6},"end":{"line":157,"column":50}},"56":{"start":{"line":158,"column":6},"end":{"line":158,"column":24}},"57":{"start":{"line":161,"column":4},"end":{"line":161,"column":49}},"58":{"start":{"line":163,"column":4},"end":{"line":168,"column":7}},"59":{"start":{"line":170,"column":4},"end":{"line":170,"column":40}},"60":{"start":{"line":171,"column":4},"end":{"line":174,"column":7}},"61":{"start":{"line":104,"column":13},"end":{"line":104,"column":36}},"62":{"start":{"line":178,"column":30},"end":{"line":207,"column":1}},"63":{"start":{"line":179,"column":2},"end":{"line":206,"column":3}},"64":{"start":{"line":180,"column":39},"end":{"line":180,"column":48}},"65":{"start":{"line":182,"column":23},"end":{"line":182,"column":25}},"66":{"start":{"line":183,"column":4},"end":{"line":183,"column":70}},"67":{"start":{"line":183,"column":20},"end":{"line":183,"column":70}},"68":{"start":{"line":184,"column":4},"end":{"line":184,"column":70}},"69":{"start":{"line":184,"column":20},"end":{"line":184,"column":70}},"70":{"start":{"line":186,"column":24},"end":{"line":192,"column":6}},"71":{"start":{"line":194,"column":4},"end":{"line":199,"column":7}},"72":{"start":{"line":201,"column":4},"end":{"line":201,"column":38}},"73":{"start":{"line":202,"column":4},"end":{"line":205,"column":7}},"74":{"start":{"line":178,"column":13},"end":{"line":178,"column":30}},"75":{"start":{"line":209,"column":32},"end":{"line":250,"column":1}},"76":{"start":{"line":210,"column":2},"end":{"line":249,"column":3}},"77":{"start":{"line":211,"column":17},"end":{"line":211,"column":33}},"78":{"start":{"line":212,"column":19},"end":{"line":212,"column":29}},"79":{"start":{"line":213,"column":26},"end":{"line":213,"column":57}},"80":{"start":{"line":215,"column":23},"end":{"line":218,"column":6}},"81":{"start":{"line":220,"column":4},"end":{"line":225,"column":5}},"82":{"start":{"line":221,"column":6},"end":{"line":224,"column":9}},"83":{"start":{"line":227,"column":4},"end":{"line":232,"column":5}},"84":{"start":{"line":228,"column":6},"end":{"line":231,"column":9}},"85":{"start":{"line":234,"column":4},"end":{"line":234,"column":45}},"86":{"start":{"line":235,"column":4},"end":{"line":235,"column":48}},"87":{"start":{"line":237,"column":4},"end":{"line":242,"column":7}},"88":{"start":{"line":244,"column":4},"end":{"line":244,"column":38}},"89":{"start":{"line":245,"column":4},"end":{"line":248,"column":7}},"90":{"start":{"line":209,"column":13},"end":{"line":209,"column":32}},"91":{"start":{"line":252,"column":29},"end":{"line":280,"column":1}},"92":{"start":{"line":253,"column":2},"end":{"line":279,"column":3}},"93":{"start":{"line":254,"column":19},"end":{"line":254,"column":29}},"94":{"start":{"line":255,"column":23},"end":{"line":258,"column":6}},"95":{"start":{"line":260,"column":4},"end":{"line":265,"column":5}},"96":{"start":{"line":261,"column":6},"end":{"line":264,"column":9}},"97":{"start":{"line":267,"column":4},"end":{"line":272,"column":7}},"98":{"start":{"line":274,"column":4},"end":{"line":274,"column":38}},"99":{"start":{"line":275,"column":4},"end":{"line":278,"column":7}},"100":{"start":{"line":252,"column":13},"end":{"line":252,"column":29}},"101":{"start":{"line":282,"column":37},"end":{"line":306,"column":1}},"102":{"start":{"line":283,"column":2},"end":{"line":305,"column":3}},"103":{"start":{"line":284,"column":19},"end":{"line":284,"column":29}},"104":{"start":{"line":285,"column":24},"end":{"line":291,"column":6}},"105":{"start":{"line":293,"column":4},"end":{"line":298,"column":7}},"106":{"start":{"line":300,"column":4},"end":{"line":300,"column":42}},"107":{"start":{"line":301,"column":4},"end":{"line":304,"column":7}},"108":{"start":{"line":282,"column":13},"end":{"line":282,"column":37}},"109":{"start":{"line":308,"column":37},"end":{"line":332,"column":1}},"110":{"start":{"line":309,"column":2},"end":{"line":331,"column":3}},"111":{"start":{"line":310,"column":19},"end":{"line":310,"column":29}},"112":{"start":{"line":311,"column":24},"end":{"line":317,"column":6}},"113":{"start":{"line":319,"column":4},"end":{"line":324,"column":7}},"114":{"start":{"line":326,"column":4},"end":{"line":326,"column":40}},"115":{"start":{"line":327,"column":4},"end":{"line":330,"column":7}},"116":{"start":{"line":308,"column":13},"end":{"line":308,"column":37}},"117":{"start":{"line":334,"column":32},"end":{"line":378,"column":1}},"118":{"start":{"line":335,"column":2},"end":{"line":377,"column":3}},"119":{"start":{"line":336,"column":17},"end":{"line":336,"column":33}},"120":{"start":{"line":337,"column":19},"end":{"line":337,"column":29}},"121":{"start":{"line":339,"column":23},"end":{"line":342,"column":6}},"122":{"start":{"line":344,"column":4},"end":{"line":349,"column":5}},"123":{"start":{"line":345,"column":6},"end":{"line":348,"column":9}},"124":{"start":{"line":351,"column":4},"end":{"line":356,"column":5}},"125":{"start":{"line":352,"column":6},"end":{"line":355,"column":9}},"126":{"start":{"line":358,"column":4},"end":{"line":363,"column":5}},"127":{"start":{"line":359,"column":6},"end":{"line":362,"column":9}},"128":{"start":{"line":365,"column":4},"end":{"line":365,"column":50}},"129":{"start":{"line":367,"column":4},"end":{"line":370,"column":7}},"130":{"start":{"line":372,"column":4},"end":{"line":372,"column":38}},"131":{"start":{"line":373,"column":4},"end":{"line":376,"column":7}},"132":{"start":{"line":334,"column":13},"end":{"line":334,"column":32}}},"fnMap":{"0":{"name":"(anonymous_0)","decl":{"start":{"line":13,"column":32},"end":{"line":13,"column":37}},"loc":{"start":{"line":13,"column":70},"end":{"line":102,"column":1}}},"1":{"name":"(anonymous_1)","decl":{"start":{"line":104,"column":36},"end":{"line":104,"column":41}},"loc":{"start":{"line":104,"column":74},"end":{"line":176,"column":1}}},"2":{"name":"(anonymous_2)","decl":{"start":{"line":153,"column":40},"end":{"line":153,"column":50}},"loc":{"start":{"line":153,"column":53},"end":{"line":159,"column":5}}},"3":{"name":"(anonymous_3)","decl":{"start":{"line":178,"column":30},"end":{"line":178,"column":35}},"loc":{"start":{"line":178,"column":68},"end":{"line":207,"column":1}}},"4":{"name":"(anonymous_4)","decl":{"start":{"line":209,"column":32},"end":{"line":209,"column":37}},"loc":{"start":{"line":209,"column":70},"end":{"line":250,"column":1}}},"5":{"name":"(anonymous_5)","decl":{"start":{"line":252,"column":29},"end":{"line":252,"column":34}},"loc":{"start":{"line":252,"column":67},"end":{"line":280,"column":1}}},"6":{"name":"(anonymous_6)","decl":{"start":{"line":282,"column":37},"end":{"line":282,"column":42}},"loc":{"start":{"line":282,"column":75},"end":{"line":306,"column":1}}},"7":{"name":"(anonymous_7)","decl":{"start":{"line":308,"column":37},"end":{"line":308,"column":42}},"loc":{"start":{"line":308,"column":75},"end":{"line":332,"column":1}}},"8":{"name":"(anonymous_8)","decl":{"start":{"line":334,"column":32},"end":{"line":334,"column":37}},"loc":{"start":{"line":334,"column":70},"end":{"line":378,"column":1}}}},"branchMap":{"0":{"loc":{"start":{"line":16,"column":4},"end":{"line":21,"column":5}},"type":"if","locations":[{"start":{"line":16,"column":4},"end":{"line":21,"column":5}}]},"1":{"loc":{"start":{"line":27,"column":4},"end":{"line":34,"column":5}},"type":"if","locations":[{"start":{"line":27,"column":4},"end":{"line":34,"column":5}}]},"2":{"loc":{"start":{"line":42,"column":4},"end":{"line":47,"column":5}},"type":"if","locations":[{"start":{"line":42,"column":4},"end":{"line":47,"column":5}}]},"3":{"loc":{"start":{"line":50,"column":4},"end":{"line":55,"column":5}},"type":"if","locations":[{"start":{"line":50,"column":4},"end":{"line":55,"column":5}}]},"4":{"loc":{"start":{"line":62,"column":4},"end":{"line":67,"column":5}},"type":"if","locations":[{"start":{"line":62,"column":4},"end":{"line":67,"column":5}}]},"5":{"loc":{"start":{"line":77,"column":4},"end":{"line":82,"column":5}},"type":"if","locations":[{"start":{"line":77,"column":4},"end":{"line":82,"column":5}}]},"6":{"loc":{"start":{"line":107,"column":4},"end":{"line":112,"column":5}},"type":"if","locations":[{"start":{"line":107,"column":4},"end":{"line":112,"column":5}}]},"7":{"loc":{"start":{"line":122,"column":4},"end":{"line":127,"column":5}},"type":"if","locations":[{"start":{"line":122,"column":4},"end":{"line":127,"column":5}}]},"8":{"loc":{"start":{"line":130,"column":4},"end":{"line":135,"column":5}},"type":"if","locations":[{"start":{"line":130,"column":4},"end":{"line":135,"column":5}}]},"9":{"loc":{"start":{"line":145,"column":4},"end":{"line":150,"column":5}},"type":"if","locations":[{"start":{"line":145,"column":4},"end":{"line":150,"column":5}}]},"10":{"loc":{"start":{"line":183,"column":4},"end":{"line":183,"column":70}},"type":"if","locations":[{"start":{"line":183,"column":4},"end":{"line":183,"column":70}}]},"11":{"loc":{"start":{"line":184,"column":4},"end":{"line":184,"column":70}},"type":"if","locations":[{"start":{"line":184,"column":4},"end":{"line":184,"column":70}}]},"12":{"loc":{"start":{"line":220,"column":4},"end":{"line":225,"column":5}},"type":"if","locations":[{"start":{"line":220,"column":4},"end":{"line":225,"column":5}}]},"13":{"loc":{"start":{"line":227,"column":4},"end":{"line":232,"column":5}},"type":"if","locations":[{"start":{"line":227,"column":4},"end":{"line":232,"column":5}}]},"14":{"loc":{"start":{"line":260,"column":4},"end":{"line":265,"column":5}},"type":"if","locations":[{"start":{"line":260,"column":4},"end":{"line":265,"column":5}}]},"15":{"loc":{"start":{"line":344,"column":4},"end":{"line":349,"column":5}},"type":"if","locations":[{"start":{"line":344,"column":4},"end":{"line":349,"column":5}}]},"16":{"loc":{"start":{"line":351,"column":4},"end":{"line":356,"column":5}},"type":"if","locations":[{"start":{"line":351,"column":4},"end":{"line":356,"column":5}}]},"17":{"loc":{"start":{"line":358,"column":4},"end":{"line":363,"column":5}},"type":"if","locations":[{"start":{"line":358,"column":4},"end":{"line":363,"column":5}}]}},"s":{"0":3,"1":3,"2":3,"3":3,"4":3,"5":3,"6":3,"7":3,"8":3,"9":2,"10":2,"11":2,"12":1,"13":1,"14":1,"15":1,"16":0,"17":0,"18":0,"19":1,"20":1,"21":0,"22":1,"23":0,"24":1,"25":1,"26":0,"27":1,"28":1,"29":1,"30":0,"31":0,"32":0,"33":0,"34":0,"35":0,"36":3,"37":3,"38":0,"39":0,"40":0,"41":0,"42":0,"43":0,"44":0,"45":0,"46":0,"47":0,"48":0,"49":0,"50":0,"51":0,"52":0,"53":0,"54":0,"55":0,"56":0,"57":0,"58":0,"59":0,"60":0,"61":3,"62":3,"63":1,"64":1,"65":1,"66":1,"67":0,"68":1,"69":0,"70":1,"71":1,"72":0,"73":0,"74":3,"75":3,"76":2,"77":2,"78":2,"79":2,"80":2,"81":2,"82":0,"83":2,"84":1,"85":1,"86":1,"87":1,"88":0,"89":0,"90":3,"91":3,"92":1,"93":1,"94":1,"95":1,"96":0,"97":1,"98":0,"99":0,"100":3,"101":3,"102":1,"103":1,"104":1,"105":1,"106":0,"107":0,"108":3,"109":3,"110":1,"111":1,"112":1,"113":1,"114":0,"115":0,"116":3,"117":3,"118":2,"119":2,"120":2,"121":2,"122":2,"123":0,"124":2,"125":1,"126":1,"127":0,"128":1,"129":1,"130":0,"131":0,"132":3},"f":{"0":2,"1":0,"2":0,"3":1,"4":2,"5":1,"6":1,"7":1,"8":2},"b":{"0":[1],"1":[0],"2":[0],"3":[0],"4":[0],"5":[1],"6":[0],"7":[0],"8":[0],"9":[0],"10":[0],"11":[0],"12":[0],"13":[1],"14":[0],"15":[0],"16":[1],"17":[0]}}
,"/Users/steveyeh/Cursor/student-system/backend/src/controllers/auth.controller.ts": {"path":"/Users/steveyeh/Cursor/student-system/backend/src/controllers/auth.controller.ts","statementMap":{"0":{"start":{"line":2,"column":0},"end":{"line":2,"column":51}},"1":{"start":{"line":3,"column":0},"end":{"line":3,"column":48}},"2":{"start":{"line":4,"column":0},"end":{"line":4,"column":33}},"3":{"start":{"line":5,"column":0},"end":{"line":5,"column":36}},"4":{"start":{"line":8,"column":23},"end":{"line":8,"column":56}},"5":{"start":{"line":10,"column":24},"end":{"line":51,"column":1}},"6":{"start":{"line":11,"column":2},"end":{"line":50,"column":3}},"7":{"start":{"line":12,"column":24},"end":{"line":12,"column":47}},"8":{"start":{"line":15,"column":25},"end":{"line":15,"column":94}},"9":{"start":{"line":16,"column":4},"end":{"line":21,"column":5}},"10":{"start":{"line":17,"column":6},"end":{"line":20,"column":9}},"11":{"start":{"line":23,"column":17},"end":{"line":23,"column":27}},"12":{"start":{"line":24,"column":4},"end":{"line":24,"column":37}},"13":{"start":{"line":25,"column":4},"end":{"line":25,"column":64}},"14":{"start":{"line":27,"column":4},"end":{"line":27,"column":36}},"15":{"start":{"line":30,"column":49},"end":{"line":30,"column":53}},"16":{"start":{"line":31,"column":4},"end":{"line":36,"column":7}},"17":{"start":{"line":38,"column":4},"end":{"line":43,"column":7}},"18":{"start":{"line":45,"column":4},"end":{"line":45,"column":34}},"19":{"start":{"line":46,"column":4},"end":{"line":49,"column":7}},"20":{"start":{"line":10,"column":13},"end":{"line":10,"column":24}},"21":{"start":{"line":53,"column":21},"end":{"line":99,"column":1}},"22":{"start":{"line":54,"column":2},"end":{"line":98,"column":3}},"23":{"start":{"line":55,"column":32},"end":{"line":55,"column":52}},"24":{"start":{"line":58,"column":17},"end":{"line":58,"column":67}},"25":{"start":{"line":59,"column":4},"end":{"line":64,"column":5}},"26":{"start":{"line":60,"column":6},"end":{"line":63,"column":9}},"27":{"start":{"line":67,"column":28},"end":{"line":67,"column":73}},"28":{"start":{"line":68,"column":4},"end":{"line":73,"column":5}},"29":{"start":{"line":69,"column":6},"end":{"line":72,"column":9}},"30":{"start":{"line":76,"column":18},"end":{"line":79,"column":null}},"31":{"start":{"line":83,"column":52},"end":{"line":83,"column":56}},"32":{"start":{"line":85,"column":4},"end":{"line":91,"column":7}},"33":{"start":{"line":93,"column":4},"end":{"line":93,"column":34}},"34":{"start":{"line":94,"column":4},"end":{"line":97,"column":7}},"35":{"start":{"line":53,"column":13},"end":{"line":53,"column":21}}},"fnMap":{"0":{"name":"(anonymous_9)","decl":{"start":{"line":10,"column":24},"end":{"line":10,"column":29}},"loc":{"start":{"line":10,"column":62},"end":{"line":51,"column":1}}},"1":{"name":"(anonymous_10)","decl":{"start":{"line":53,"column":21},"end":{"line":53,"column":26}},"loc":{"start":{"line":53,"column":59},"end":{"line":99,"column":1}}}},"branchMap":{"0":{"loc":{"start":{"line":16,"column":4},"end":{"line":21,"column":5}},"type":"if","locations":[{"start":{"line":16,"column":4},"end":{"line":21,"column":5}}]},"1":{"loc":{"start":{"line":59,"column":4},"end":{"line":64,"column":5}},"type":"if","locations":[{"start":{"line":59,"column":4},"end":{"line":64,"column":5}}]},"2":{"loc":{"start":{"line":68,"column":4},"end":{"line":73,"column":5}},"type":"if","locations":[{"start":{"line":68,"column":4},"end":{"line":73,"column":5}}]},"3":{"loc":{"start":{"line":78,"column":6},"end":{"line":78,"column":49}},"type":"binary-expr","locations":[{"start":{"line":78,"column":6},"end":{"line":78,"column":28}},{"start":{"line":78,"column":32},"end":{"line":78,"column":49}}]}},"s":{"0":3,"1":3,"2":3,"3":3,"4":3,"5":3,"6":2,"7":2,"8":2,"9":2,"10":1,"11":1,"12":1,"13":1,"14":1,"15":1,"16":1,"17":1,"18":0,"19":0,"20":3,"21":3,"22":3,"23":3,"24":3,"25":3,"26":1,"27":2,"28":2,"29":1,"30":1,"31":1,"32":1,"33":0,"34":0,"35":3},"f":{"0":2,"1":3},"b":{"0":[1],"1":[1],"2":[1],"3":[1,0]}}
,"/Users/steveyeh/Cursor/student-system/backend/src/controllers/course.controller.ts": {"path":"/Users/steveyeh/Cursor/student-system/backend/src/controllers/course.controller.ts","statementMap":{"0":{"start":{"line":2,"column":0},"end":{"line":2,"column":51}},"1":{"start":{"line":3,"column":0},"end":{"line":3,"column":42}},"2":{"start":{"line":4,"column":0},"end":{"line":4,"column":48}},"3":{"start":{"line":7,"column":25},"end":{"line":7,"column":60}},"4":{"start":{"line":9,"column":28},"end":{"line":50,"column":1}},"5":{"start":{"line":10,"column":2},"end":{"line":49,"column":3}},"6":{"start":{"line":11,"column":17},"end":{"line":11,"column":33}},"7":{"start":{"line":12,"column":4},"end":{"line":17,"column":5}},"8":{"start":{"line":13,"column":6},"end":{"line":16,"column":9}},"9":{"start":{"line":19,"column":22},"end":{"line":19,"column":49}},"10":{"start":{"line":20,"column":19},"end":{"line":20,"column":31}},"11":{"start":{"line":21,"column":4},"end":{"line":21,"column":37}},"12":{"start":{"line":22,"column":4},"end":{"line":22,"column":32}},"13":{"start":{"line":24,"column":4},"end":{"line":24,"column":40}},"14":{"start":{"line":26,"column":4},"end":{"line":42,"column":7}},"15":{"start":{"line":44,"column":4},"end":{"line":44,"column":36}},"16":{"start":{"line":45,"column":4},"end":{"line":48,"column":7}},"17":{"start":{"line":9,"column":13},"end":{"line":9,"column":28}},"18":{"start":{"line":52,"column":26},"end":{"line":85,"column":1}},"19":{"start":{"line":53,"column":2},"end":{"line":84,"column":3}},"20":{"start":{"line":54,"column":20},"end":{"line":56,"column":6}},"21":{"start":{"line":58,"column":4},"end":{"line":77,"column":7}},"22":{"start":{"line":61,"column":40},"end":{"line":75,"column":10}},"23":{"start":{"line":79,"column":4},"end":{"line":79,"column":36}},"24":{"start":{"line":80,"column":4},"end":{"line":83,"column":7}},"25":{"start":{"line":52,"column":13},"end":{"line":52,"column":26}},"26":{"start":{"line":87,"column":25},"end":{"line":129,"column":1}},"27":{"start":{"line":88,"column":2},"end":{"line":128,"column":3}},"28":{"start":{"line":89,"column":19},"end":{"line":89,"column":29}},"29":{"start":{"line":90,"column":19},"end":{"line":93,"column":6}},"30":{"start":{"line":95,"column":4},"end":{"line":100,"column":5}},"31":{"start":{"line":96,"column":6},"end":{"line":99,"column":9}},"32":{"start":{"line":102,"column":4},"end":{"line":121,"column":7}},"33":{"start":{"line":123,"column":4},"end":{"line":123,"column":36}},"34":{"start":{"line":124,"column":4},"end":{"line":127,"column":7}},"35":{"start":{"line":87,"column":13},"end":{"line":87,"column":25}},"36":{"start":{"line":131,"column":28},"end":{"line":190,"column":1}},"37":{"start":{"line":132,"column":2},"end":{"line":189,"column":3}},"38":{"start":{"line":133,"column":17},"end":{"line":133,"column":33}},"39":{"start":{"line":134,"column":19},"end":{"line":134,"column":29}},"40":{"start":{"line":135,"column":22},"end":{"line":135,"column":49}},"41":{"start":{"line":137,"column":19},"end":{"line":140,"column":6}},"42":{"start":{"line":142,"column":4},"end":{"line":147,"column":5}},"43":{"start":{"line":143,"column":6},"end":{"line":146,"column":9}},"44":{"start":{"line":149,"column":4},"end":{"line":154,"column":5}},"45":{"start":{"line":150,"column":6},"end":{"line":153,"column":9}},"46":{"start":{"line":156,"column":4},"end":{"line":161,"column":5}},"47":{"start":{"line":157,"column":6},"end":{"line":160,"column":9}},"48":{"start":{"line":163,"column":4},"end":{"line":163,"column":37}},"49":{"start":{"line":164,"column":4},"end":{"line":164,"column":40}},"50":{"start":{"line":166,"column":4},"end":{"line":182,"column":7}},"51":{"start":{"line":184,"column":4},"end":{"line":184,"column":36}},"52":{"start":{"line":185,"column":4},"end":{"line":188,"column":7}},"53":{"start":{"line":131,"column":13},"end":{"line":131,"column":28}},"54":{"start":{"line":192,"column":28},"end":{"line":236,"column":1}},"55":{"start":{"line":193,"column":2},"end":{"line":235,"column":3}},"56":{"start":{"line":194,"column":17},"end":{"line":194,"column":33}},"57":{"start":{"line":195,"column":19},"end":{"line":195,"column":29}},"58":{"start":{"line":197,"column":19},"end":{"line":200,"column":6}},"59":{"start":{"line":202,"column":4},"end":{"line":207,"column":5}},"60":{"start":{"line":203,"column":6},"end":{"line":206,"column":9}},"61":{"start":{"line":209,"column":4},"end":{"line":214,"column":5}},"62":{"start":{"line":210,"column":6},"end":{"line":213,"column":9}},"63":{"start":{"line":216,"column":4},"end":{"line":221,"column":5}},"64":{"start":{"line":217,"column":6},"end":{"line":220,"column":9}},"65":{"start":{"line":223,"column":4},"end":{"line":223,"column":42}},"66":{"start":{"line":225,"column":4},"end":{"line":228,"column":7}},"67":{"start":{"line":230,"column":4},"end":{"line":230,"column":36}},"68":{"start":{"line":231,"column":4},"end":{"line":234,"column":7}},"69":{"start":{"line":192,"column":13},"end":{"line":192,"column":28}}},"fnMap":{"0":{"name":"(anonymous_0)","decl":{"start":{"line":9,"column":28},"end":{"line":9,"column":33}},"loc":{"start":{"line":9,"column":66},"end":{"line":50,"column":1}}},"1":{"name":"(anonymous_1)","decl":{"start":{"line":52,"column":26},"end":{"line":52,"column":31}},"loc":{"start":{"line":52,"column":64},"end":{"line":85,"column":1}}},"2":{"name":"(anonymous_2)","decl":{"start":{"line":61,"column":29},"end":{"line":61,"column":35}},"loc":{"start":{"line":61,"column":40},"end":{"line":75,"column":10}}},"3":{"name":"(anonymous_3)","decl":{"start":{"line":87,"column":25},"end":{"line":87,"column":30}},"loc":{"start":{"line":87,"column":63},"end":{"line":129,"column":1}}},"4":{"name":"(anonymous_4)","decl":{"start":{"line":131,"column":28},"end":{"line":131,"column":33}},"loc":{"start":{"line":131,"column":66},"end":{"line":190,"column":1}}},"5":{"name":"(anonymous_5)","decl":{"start":{"line":192,"column":28},"end":{"line":192,"column":33}},"loc":{"start":{"line":192,"column":66},"end":{"line":236,"column":1}}}},"branchMap":{"0":{"loc":{"start":{"line":12,"column":4},"end":{"line":17,"column":5}},"type":"if","locations":[{"start":{"line":12,"column":4},"end":{"line":17,"column":5}}]},"1":{"loc":{"start":{"line":95,"column":4},"end":{"line":100,"column":5}},"type":"if","locations":[{"start":{"line":95,"column":4},"end":{"line":100,"column":5}}]},"2":{"loc":{"start":{"line":142,"column":4},"end":{"line":147,"column":5}},"type":"if","locations":[{"start":{"line":142,"column":4},"end":{"line":147,"column":5}}]},"3":{"loc":{"start":{"line":149,"column":4},"end":{"line":154,"column":5}},"type":"if","locations":[{"start":{"line":149,"column":4},"end":{"line":154,"column":5}}]},"4":{"loc":{"start":{"line":156,"column":4},"end":{"line":161,"column":5}},"type":"if","locations":[{"start":{"line":156,"column":4},"end":{"line":161,"column":5}}]},"5":{"loc":{"start":{"line":202,"column":4},"end":{"line":207,"column":5}},"type":"if","locations":[{"start":{"line":202,"column":4},"end":{"line":207,"column":5}}]},"6":{"loc":{"start":{"line":209,"column":4},"end":{"line":214,"column":5}},"type":"if","locations":[{"start":{"line":209,"column":4},"end":{"line":214,"column":5}}]},"7":{"loc":{"start":{"line":216,"column":4},"end":{"line":221,"column":5}},"type":"if","locations":[{"start":{"line":216,"column":4},"end":{"line":221,"column":5}}]}},"s":{"0":3,"1":3,"2":3,"3":3,"4":3,"5":2,"6":2,"7":2,"8":1,"9":1,"10":1,"11":1,"12":1,"13":1,"14":1,"15":0,"16":0,"17":3,"18":3,"19":1,"20":1,"21":1,"22":1,"23":0,"24":0,"25":3,"26":3,"27":2,"28":2,"29":2,"30":2,"31":1,"32":1,"33":0,"34":0,"35":3,"36":3,"37":2,"38":2,"39":2,"40":2,"41":2,"42":2,"43":0,"44":2,"45":0,"46":2,"47":1,"48":1,"49":1,"50":1,"51":0,"52":0,"53":3,"54":3,"55":2,"56":2,"57":2,"58":2,"59":2,"60":0,"61":2,"62":0,"63":2,"64":1,"65":1,"66":1,"67":0,"68":0,"69":3},"f":{"0":2,"1":1,"2":1,"3":2,"4":2,"5":2},"b":{"0":[1],"1":[1],"2":[0],"3":[0],"4":[1],"5":[0],"6":[0],"7":[1]}}
,"/Users/steveyeh/Cursor/student-system/backend/src/controllers/session.controller.ts": {"path":"/Users/steveyeh/Cursor/student-system/backend/src/controllers/session.controller.ts","statementMap":{"0":{"start":{"line":2,"column":0},"end":{"line":2,"column":51}},"1":{"start":{"line":3,"column":0},"end":{"line":3,"column":44}},"2":{"start":{"line":4,"column":0},"end":{"line":4,"column":42}},"3":{"start":{"line":5,"column":0},"end":{"line":5,"column":48}},"4":{"start":{"line":8,"column":26},"end":{"line":8,"column":62}},"5":{"start":{"line":9,"column":25},"end":{"line":9,"column":60}},"6":{"start":{"line":11,"column":29},"end":{"line":60,"column":1}},"7":{"start":{"line":12,"column":2},"end":{"line":59,"column":3}},"8":{"start":{"line":13,"column":17},"end":{"line":13,"column":33}},"9":{"start":{"line":14,"column":4},"end":{"line":19,"column":5}},"10":{"start":{"line":15,"column":6},"end":{"line":18,"column":9}},"11":{"start":{"line":21,"column":23},"end":{"line":21,"column":51}},"12":{"start":{"line":24,"column":19},"end":{"line":26,"column":6}},"13":{"start":{"line":28,"column":4},"end":{"line":33,"column":5}},"14":{"start":{"line":29,"column":6},"end":{"line":32,"column":9}},"15":{"start":{"line":35,"column":4},"end":{"line":40,"column":5}},"16":{"start":{"line":36,"column":6},"end":{"line":39,"column":9}},"17":{"start":{"line":42,"column":20},"end":{"line":42,"column":33}},"18":{"start":{"line":43,"column":4},"end":{"line":43,"column":39}},"19":{"start":{"line":45,"column":4},"end":{"line":45,"column":42}},"20":{"start":{"line":47,"column":4},"end":{"line":52,"column":7}},"21":{"start":{"line":54,"column":4},"end":{"line":54,"column":38}},"22":{"start":{"line":55,"column":4},"end":{"line":58,"column":7}},"23":{"start":{"line":11,"column":13},"end":{"line":11,"column":29}},"24":{"start":{"line":62,"column":27},"end":{"line":88,"column":1}},"25":{"start":{"line":63,"column":2},"end":{"line":87,"column":3}},"26":{"start":{"line":64,"column":26},"end":{"line":64,"column":35}},"27":{"start":{"line":66,"column":21},"end":{"line":73,"column":6}},"28":{"start":{"line":75,"column":4},"end":{"line":80,"column":7}},"29":{"start":{"line":82,"column":4},"end":{"line":82,"column":38}},"30":{"start":{"line":83,"column":4},"end":{"line":86,"column":7}},"31":{"start":{"line":62,"column":13},"end":{"line":62,"column":27}},"32":{"start":{"line":90,"column":26},"end":{"line":118,"column":1}},"33":{"start":{"line":91,"column":2},"end":{"line":117,"column":3}},"34":{"start":{"line":92,"column":19},"end":{"line":92,"column":29}},"35":{"start":{"line":93,"column":20},"end":{"line":96,"column":6}},"36":{"start":{"line":98,"column":4},"end":{"line":103,"column":5}},"37":{"start":{"line":99,"column":6},"end":{"line":102,"column":9}},"38":{"start":{"line":105,"column":4},"end":{"line":110,"column":7}},"39":{"start":{"line":112,"column":4},"end":{"line":112,"column":38}},"40":{"start":{"line":113,"column":4},"end":{"line":116,"column":7}},"41":{"start":{"line":90,"column":13},"end":{"line":90,"column":26}},"42":{"start":{"line":120,"column":29},"end":{"line":161,"column":1}},"43":{"start":{"line":121,"column":2},"end":{"line":160,"column":3}},"44":{"start":{"line":122,"column":17},"end":{"line":122,"column":33}},"45":{"start":{"line":123,"column":19},"end":{"line":123,"column":29}},"46":{"start":{"line":124,"column":23},"end":{"line":124,"column":51}},"47":{"start":{"line":126,"column":20},"end":{"line":129,"column":6}},"48":{"start":{"line":131,"column":4},"end":{"line":136,"column":5}},"49":{"start":{"line":132,"column":6},"end":{"line":135,"column":9}},"50":{"start":{"line":138,"column":4},"end":{"line":143,"column":5}},"51":{"start":{"line":139,"column":6},"end":{"line":142,"column":9}},"52":{"start":{"line":145,"column":4},"end":{"line":145,"column":39}},"53":{"start":{"line":146,"column":4},"end":{"line":146,"column":42}},"54":{"start":{"line":148,"column":4},"end":{"line":153,"column":7}},"55":{"start":{"line":155,"column":4},"end":{"line":155,"column":38}},"56":{"start":{"line":156,"column":4},"end":{"line":159,"column":7}},"57":{"start":{"line":120,"column":13},"end":{"line":120,"column":29}},"58":{"start":{"line":163,"column":29},"end":{"line":200,"column":1}},"59":{"start":{"line":164,"column":2},"end":{"line":199,"column":3}},"60":{"start":{"line":165,"column":17},"end":{"line":165,"column":33}},"61":{"start":{"line":166,"column":19},"end":{"line":166,"column":29}},"62":{"start":{"line":168,"column":20},"end":{"line":171,"column":6}},"63":{"start":{"line":173,"column":4},"end":{"line":178,"column":5}},"64":{"start":{"line":174,"column":6},"end":{"line":177,"column":9}},"65":{"start":{"line":180,"column":4},"end":{"line":185,"column":5}},"66":{"start":{"line":181,"column":6},"end":{"line":184,"column":9}},"67":{"start":{"line":187,"column":4},"end":{"line":187,"column":44}},"68":{"start":{"line":189,"column":4},"end":{"line":192,"column":7}},"69":{"start":{"line":194,"column":4},"end":{"line":194,"column":38}},"70":{"start":{"line":195,"column":4},"end":{"line":198,"column":7}},"71":{"start":{"line":163,"column":13},"end":{"line":163,"column":29}}},"fnMap":{"0":{"name":"(anonymous_0)","decl":{"start":{"line":11,"column":29},"end":{"line":11,"column":34}},"loc":{"start":{"line":11,"column":67},"end":{"line":60,"column":1}}},"1":{"name":"(anonymous_1)","decl":{"start":{"line":62,"column":27},"end":{"line":62,"column":32}},"loc":{"start":{"line":62,"column":65},"end":{"line":88,"column":1}}},"2":{"name":"(anonymous_2)","decl":{"start":{"line":90,"column":26},"end":{"line":90,"column":31}},"loc":{"start":{"line":90,"column":64},"end":{"line":118,"column":1}}},"3":{"name":"(anonymous_3)","decl":{"start":{"line":120,"column":29},"end":{"line":120,"column":34}},"loc":{"start":{"line":120,"column":67},"end":{"line":161,"column":1}}},"4":{"name":"(anonymous_4)","decl":{"start":{"line":163,"column":29},"end":{"line":163,"column":34}},"loc":{"start":{"line":163,"column":67},"end":{"line":200,"column":1}}}},"branchMap":{"0":{"loc":{"start":{"line":14,"column":4},"end":{"line":19,"column":5}},"type":"if","locations":[{"start":{"line":14,"column":4},"end":{"line":19,"column":5}}]},"1":{"loc":{"start":{"line":28,"column":4},"end":{"line":33,"column":5}},"type":"if","locations":[{"start":{"line":28,"column":4},"end":{"line":33,"column":5}}]},"2":{"loc":{"start":{"line":35,"column":4},"end":{"line":40,"column":5}},"type":"if","locations":[{"start":{"line":35,"column":4},"end":{"line":40,"column":5}}]},"3":{"loc":{"start":{"line":67,"column":13},"end":{"line":67,"column":81}},"type":"cond-expr","locations":[{"start":{"line":67,"column":25},"end":{"line":67,"column":69}},{"start":{"line":67,"column":72},"end":{"line":67,"column":81}}]},"4":{"loc":{"start":{"line":98,"column":4},"end":{"line":103,"column":5}},"type":"if","locations":[{"start":{"line":98,"column":4},"end":{"line":103,"column":5}}]},"5":{"loc":{"start":{"line":131,"column":4},"end":{"line":136,"column":5}},"type":"if","locations":[{"start":{"line":131,"column":4},"end":{"line":136,"column":5}}]},"6":{"loc":{"start":{"line":138,"column":4},"end":{"line":143,"column":5}},"type":"if","locations":[{"start":{"line":138,"column":4},"end":{"line":143,"column":5}}]},"7":{"loc":{"start":{"line":173,"column":4},"end":{"line":178,"column":5}},"type":"if","locations":[{"start":{"line":173,"column":4},"end":{"line":178,"column":5}}]},"8":{"loc":{"start":{"line":180,"column":4},"end":{"line":185,"column":5}},"type":"if","locations":[{"start":{"line":180,"column":4},"end":{"line":185,"column":5}}]}},"s":{"0":3,"1":3,"2":3,"3":3,"4":3,"5":3,"6":3,"7":0,"8":0,"9":0,"10":0,"11":0,"12":0,"13":0,"14":0,"15":0,"16":0,"17":0,"18":0,"19":0,"20":0,"21":0,"22":0,"23":3,"24":3,"25":0,"26":0,"27":0,"28":0,"29":0,"30":0,"31":3,"32":3,"33":0,"34":0,"35":0,"36":0,"37":0,"38":0,"39":0,"40":0,"41":3,"42":3,"43":0,"44":0,"45":0,"46":0,"47":0,"48":0,"49":0,"50":0,"51":0,"52":0,"53":0,"54":0,"55":0,"56":0,"57":3,"58":3,"59":0,"60":0,"61":0,"62":0,"63":0,"64":0,"65":0,"66":0,"67":0,"68":0,"69":0,"70":0,"71":3},"f":{"0":0,"1":0,"2":0,"3":0,"4":0},"b":{"0":[0],"1":[0],"2":[0],"3":[0,0],"4":[0],"5":[0],"6":[0],"7":[0],"8":[0]}}
,"/Users/steveyeh/Cursor/student-system/backend/src/dtos/attendance.dto.ts": {"path":"/Users/steveyeh/Cursor/student-system/backend/src/dtos/attendance.dto.ts","statementMap":{"0":{"start":{"line":1,"column":0},"end":{"line":1,"column":81}},"1":{"start":{"line":2,"column":0},"end":{"line":2,"column":41}},"2":{"start":{"line":3,"column":0},"end":{"line":3,"column":62}},"3":{"start":{"line":5,"column":0},"end":{"line":5,"column":13}},"4":{"start":{"line":7,"column":2},"end":{"line":7,"column":null}},"5":{"start":{"line":10,"column":2},"end":{"line":10,"column":null}},"6":{"start":{"line":16,"column":2},"end":{"line":16,"column":null}},"7":{"start":{"line":15,"column":14},"end":{"line":15,"column":20}},"8":{"start":{"line":20,"column":2},"end":{"line":20,"column":null}},"9":{"start":{"line":25,"column":2},"end":{"line":25,"column":null}},"10":{"start":{"line":23,"column":14},"end":{"line":23,"column":18}},"11":{"start":{"line":30,"column":2},"end":{"line":30,"column":null}},"12":{"start":{"line":28,"column":14},"end":{"line":28,"column":18}},"13":{"start":{"line":33,"column":0},"end":{"line":33,"column":13}},"14":{"start":{"line":37,"column":2},"end":{"line":37,"column":null}},"15":{"start":{"line":41,"column":2},"end":{"line":41,"column":null}},"16":{"start":{"line":46,"column":2},"end":{"line":46,"column":null}},"17":{"start":{"line":44,"column":14},"end":{"line":44,"column":18}},"18":{"start":{"line":51,"column":2},"end":{"line":51,"column":null}},"19":{"start":{"line":49,"column":14},"end":{"line":49,"column":18}},"20":{"start":{"line":54,"column":0},"end":{"line":54,"column":13}},"21":{"start":{"line":56,"column":2},"end":{"line":56,"column":null}},"22":{"start":{"line":59,"column":2},"end":{"line":59,"column":null}}},"fnMap":{"0":{"name":"(anonymous_2)","decl":{"start":{"line":15,"column":8},"end":{"line":15,"column":11}},"loc":{"start":{"line":15,"column":14},"end":{"line":15,"column":20}}},"1":{"name":"(anonymous_3)","decl":{"start":{"line":23,"column":8},"end":{"line":23,"column":11}},"loc":{"start":{"line":23,"column":14},"end":{"line":23,"column":18}}},"2":{"name":"(anonymous_4)","decl":{"start":{"line":28,"column":8},"end":{"line":28,"column":11}},"loc":{"start":{"line":28,"column":14},"end":{"line":28,"column":18}}},"3":{"name":"(anonymous_5)","decl":{"start":{"line":44,"column":8},"end":{"line":44,"column":11}},"loc":{"start":{"line":44,"column":14},"end":{"line":44,"column":18}}},"4":{"name":"(anonymous_6)","decl":{"start":{"line":49,"column":8},"end":{"line":49,"column":11}},"loc":{"start":{"line":49,"column":14},"end":{"line":49,"column":18}}}},"branchMap":{},"s":{"0":3,"1":3,"2":3,"3":3,"4":3,"5":3,"6":3,"7":2,"8":3,"9":3,"10":2,"11":3,"12":2,"13":3,"14":3,"15":3,"16":3,"17":0,"18":3,"19":0,"20":3,"21":3,"22":3},"f":{"0":2,"1":2,"2":2,"3":0,"4":0},"b":{}}
,"/Users/steveyeh/Cursor/student-system/backend/src/dtos/auth.dto.ts": {"path":"/Users/steveyeh/Cursor/student-system/backend/src/dtos/auth.dto.ts","statementMap":{"0":{"start":{"line":1,"column":0},"end":{"line":1,"column":113}},"1":{"start":{"line":2,"column":0},"end":{"line":2,"column":42}},"2":{"start":{"line":4,"column":0},"end":{"line":4,"column":13}},"3":{"start":{"line":8,"column":2},"end":{"line":8,"column":null}},"4":{"start":{"line":11,"column":2},"end":{"line":11,"column":null}},"5":{"start":{"line":19,"column":2},"end":{"line":19,"column":null}},"6":{"start":{"line":22,"column":2},"end":{"line":22,"column":null}},"7":{"start":{"line":26,"column":2},"end":{"line":26,"column":null}},"8":{"start":{"line":31,"column":2},"end":{"line":31,"column":null}},"9":{"start":{"line":36,"column":2},"end":{"line":36,"column":null}},"10":{"start":{"line":43,"column":2},"end":{"line":43,"column":null}},"11":{"start":{"line":46,"column":0},"end":{"line":46,"column":13}},"12":{"start":{"line":48,"column":2},"end":{"line":48,"column":null}},"13":{"start":{"line":51,"column":2},"end":{"line":51,"column":null}}},"fnMap":{},"branchMap":{},"s":{"0":3,"1":3,"2":3,"3":3,"4":3,"5":3,"6":3,"7":3,"8":3,"9":3,"10":3,"11":3,"12":3,"13":3},"f":{},"b":{}}
,"/Users/steveyeh/Cursor/student-system/backend/src/dtos/course.dto.ts": {"path":"/Users/steveyeh/Cursor/student-system/backend/src/dtos/course.dto.ts","statementMap":{"0":{"start":{"line":1,"column":0},"end":{"line":1,"column":89}},"1":{"start":{"line":2,"column":0},"end":{"line":2,"column":41}},"2":{"start":{"line":4,"column":0},"end":{"line":4,"column":13}},"3":{"start":{"line":8,"column":2},"end":{"line":8,"column":null}},"4":{"start":{"line":13,"column":2},"end":{"line":13,"column":null}},"5":{"start":{"line":17,"column":2},"end":{"line":17,"column":null}},"6":{"start":{"line":21,"column":2},"end":{"line":21,"column":null}},"7":{"start":{"line":19,"column":14},"end":{"line":19,"column":18}},"8":{"start":{"line":25,"column":2},"end":{"line":25,"column":null}},"9":{"start":{"line":23,"column":14},"end":{"line":23,"column":18}},"10":{"start":{"line":29,"column":2},"end":{"line":29,"column":null}},"11":{"start":{"line":33,"column":2},"end":{"line":33,"column":null}},"12":{"start":{"line":37,"column":2},"end":{"line":37,"column":null}},"13":{"start":{"line":40,"column":0},"end":{"line":40,"column":13}}},"fnMap":{"0":{"name":"(anonymous_2)","decl":{"start":{"line":19,"column":8},"end":{"line":19,"column":11}},"loc":{"start":{"line":19,"column":14},"end":{"line":19,"column":18}}},"1":{"name":"(anonymous_3)","decl":{"start":{"line":23,"column":8},"end":{"line":23,"column":11}},"loc":{"start":{"line":23,"column":14},"end":{"line":23,"column":18}}}},"branchMap":{},"s":{"0":3,"1":3,"2":3,"3":3,"4":3,"5":3,"6":3,"7":4,"8":3,"9":4,"10":3,"11":3,"12":3,"13":3},"f":{"0":4,"1":4},"b":{}}
,"/Users/steveyeh/Cursor/student-system/backend/src/dtos/session.dto.ts": {"path":"/Users/steveyeh/Cursor/student-system/backend/src/dtos/session.dto.ts","statementMap":{"0":{"start":{"line":1,"column":0},"end":{"line":1,"column":93}},"1":{"start":{"line":2,"column":0},"end":{"line":2,"column":41}},"2":{"start":{"line":4,"column":0},"end":{"line":4,"column":13}},"3":{"start":{"line":6,"column":2},"end":{"line":6,"column":null}},"4":{"start":{"line":11,"column":2},"end":{"line":11,"column":null}},"5":{"start":{"line":16,"column":2},"end":{"line":16,"column":null}},"6":{"start":{"line":20,"column":2},"end":{"line":20,"column":null}},"7":{"start":{"line":18,"column":14},"end":{"line":18,"column":18}},"8":{"start":{"line":27,"column":2},"end":{"line":27,"column":null}},"9":{"start":{"line":34,"column":2},"end":{"line":34,"column":null}},"10":{"start":{"line":38,"column":2},"end":{"line":38,"column":null}},"11":{"start":{"line":41,"column":0},"end":{"line":41,"column":13}}},"fnMap":{"0":{"name":"(anonymous_2)","decl":{"start":{"line":18,"column":8},"end":{"line":18,"column":11}},"loc":{"start":{"line":18,"column":14},"end":{"line":18,"column":18}}}},"branchMap":{},"s":{"0":3,"1":3,"2":3,"3":3,"4":3,"5":3,"6":3,"7":0,"8":3,"9":3,"10":3,"11":3},"f":{"0":0},"b":{}}
,"/Users/steveyeh/Cursor/student-system/backend/src/middlewares/auth.middleware.ts": {"path":"/Users/steveyeh/Cursor/student-system/backend/src/middlewares/auth.middleware.ts","statementMap":{"0":{"start":{"line":2,"column":0},"end":{"line":2,"column":36}},"1":{"start":{"line":3,"column":0},"end":{"line":3,"column":51}},"2":{"start":{"line":4,"column":0},"end":{"line":4,"column":38}},"3":{"start":{"line":14,"column":28},"end":{"line":45,"column":1}},"4":{"start":{"line":15,"column":2},"end":{"line":44,"column":3}},"5":{"start":{"line":16,"column":23},"end":{"line":16,"column":48}},"6":{"start":{"line":17,"column":4},"end":{"line":22,"column":5}},"7":{"start":{"line":18,"column":6},"end":{"line":21,"column":9}},"8":{"start":{"line":24,"column":18},"end":{"line":24,"column":42}},"9":{"start":{"line":25,"column":20},"end":{"line":25,"column":100}},"10":{"start":{"line":27,"column":27},"end":{"line":27,"column":60}},"11":{"start":{"line":28,"column":17},"end":{"line":28,"column":76}},"12":{"start":{"line":29,"column":4},"end":{"line":34,"column":5}},"13":{"start":{"line":30,"column":6},"end":{"line":33,"column":9}},"14":{"start":{"line":36,"column":4},"end":{"line":36,"column":20}},"15":{"start":{"line":37,"column":4},"end":{"line":37,"column":11}},"16":{"start":{"line":39,"column":4},"end":{"line":39,"column":34}},"17":{"start":{"line":40,"column":4},"end":{"line":43,"column":7}},"18":{"start":{"line":14,"column":13},"end":{"line":14,"column":28}}},"fnMap":{"0":{"name":"(anonymous_9)","decl":{"start":{"line":14,"column":28},"end":{"line":14,"column":33}},"loc":{"start":{"line":14,"column":86},"end":{"line":45,"column":1}}}},"branchMap":{"0":{"loc":{"start":{"line":17,"column":4},"end":{"line":22,"column":5}},"type":"if","locations":[{"start":{"line":17,"column":4},"end":{"line":22,"column":5}}]},"1":{"loc":{"start":{"line":17,"column":8},"end":{"line":17,"column":56}},"type":"binary-expr","locations":[{"start":{"line":17,"column":8},"end":{"line":17,"column":19}},{"start":{"line":17,"column":23},"end":{"line":17,"column":56}}]},"2":{"loc":{"start":{"line":25,"column":38},"end":{"line":25,"column":81}},"type":"binary-expr","locations":[{"start":{"line":25,"column":38},"end":{"line":25,"column":60}},{"start":{"line":25,"column":64},"end":{"line":25,"column":81}}]},"3":{"loc":{"start":{"line":29,"column":4},"end":{"line":34,"column":5}},"type":"if","locations":[{"start":{"line":29,"column":4},"end":{"line":34,"column":5}}]}},"s":{"0":3,"1":3,"2":3,"3":3,"4":21,"5":21,"6":21,"7":0,"8":21,"9":21,"10":21,"11":21,"12":21,"13":0,"14":21,"15":21,"16":0,"17":0,"18":3},"f":{"0":21},"b":{"0":[0],"1":[21,21],"2":[21,0],"3":[0]}}
,"/Users/steveyeh/Cursor/student-system/backend/src/middlewares/validation.middleware.ts": {"path":"/Users/steveyeh/Cursor/student-system/backend/src/middlewares/validation.middleware.ts","statementMap":{"0":{"start":{"line":2,"column":0},"end":{"line":2,"column":43}},"1":{"start":{"line":3,"column":0},"end":{"line":3,"column":52}},"2":{"start":{"line":5,"column":27},"end":{"line":33,"column":1}},"3":{"start":{"line":6,"column":2},"end":{"line":32,"column":4}},"4":{"start":{"line":7,"column":22},"end":{"line":9,"column":6}},"5":{"start":{"line":10,"column":19},"end":{"line":13,"column":6}},"6":{"start":{"line":15,"column":4},"end":{"line":28,"column":5}},"7":{"start":{"line":16,"column":28},"end":{"line":21,"column":15}},"8":{"start":{"line":17,"column":8},"end":{"line":19,"column":9}},"9":{"start":{"line":18,"column":10},"end":{"line":18,"column":50}},"10":{"start":{"line":20,"column":8},"end":{"line":20,"column":24}},"11":{"start":{"line":23,"column":6},"end":{"line":23,"column":35}},"12":{"start":{"line":24,"column":6},"end":{"line":27,"column":9}},"13":{"start":{"line":30,"column":4},"end":{"line":30,"column":25}},"14":{"start":{"line":31,"column":4},"end":{"line":31,"column":11}},"15":{"start":{"line":5,"column":13},"end":{"line":5,"column":27}}},"fnMap":{"0":{"name":"(anonymous_0)","decl":{"start":{"line":5,"column":27},"end":{"line":5,"column":28}},"loc":{"start":{"line":5,"column":45},"end":{"line":33,"column":1}}},"1":{"name":"(anonymous_1)","decl":{"start":{"line":6,"column":9},"end":{"line":6,"column":14}},"loc":{"start":{"line":6,"column":67},"end":{"line":32,"column":3}}},"2":{"name":"(anonymous_2)","decl":{"start":{"line":16,"column":39},"end":{"line":16,"column":44}},"loc":{"start":{"line":16,"column":47},"end":{"line":21,"column":7}}}},"branchMap":{"0":{"loc":{"start":{"line":15,"column":4},"end":{"line":28,"column":5}},"type":"if","locations":[{"start":{"line":15,"column":4},"end":{"line":28,"column":5}}]},"1":{"loc":{"start":{"line":17,"column":8},"end":{"line":19,"column":9}},"type":"if","locations":[{"start":{"line":17,"column":8},"end":{"line":19,"column":9}}]}},"s":{"0":3,"1":3,"2":3,"3":27,"4":16,"5":16,"6":16,"7":3,"8":9,"9":9,"10":0,"11":3,"12":3,"13":13,"14":13,"15":3},"f":{"0":27,"1":16,"2":9},"b":{"0":[3],"1":[9]}}
,"/Users/steveyeh/Cursor/student-system/backend/src/models/AttendanceRecord.ts": {"path":"/Users/steveyeh/Cursor/student-system/backend/src/models/AttendanceRecord.ts","statementMap":{"0":{"start":{"line":1,"column":0},"end":{"line":1,"column":124}},"1":{"start":{"line":2,"column":0},"end":{"line":2,"column":30}},"2":{"start":{"line":3,"column":0},"end":{"line":3,"column":36}},"3":{"start":{"line":5,"column":0},"end":{"line":5,"column":null}},"4":{"start":{"line":6,"column":2},"end":{"line":6,"column":null}},"5":{"start":{"line":7,"column":2},"end":{"line":7,"column":null}},"6":{"start":{"line":8,"column":2},"end":{"line":8,"column":null}},"7":{"start":{"line":9,"column":2},"end":{"line":9,"column":null}},"8":{"start":{"line":13,"column":7},"end":{"line":52,"column":null}},"9":{"start":{"line":13,"column":13},"end":{"line":13,"column":29}},"10":{"start":{"line":15,"column":2},"end":{"line":15,"column":null}},"11":{"start":{"line":19,"column":2},"end":{"line":19,"column":null}},"12":{"start":{"line":17,"column":19},"end":{"line":17,"column":26}},"13":{"start":{"line":22,"column":2},"end":{"line":22,"column":null}},"14":{"start":{"line":26,"column":2},"end":{"line":26,"column":null}},"15":{"start":{"line":24,"column":19},"end":{"line":24,"column":23}},"16":{"start":{"line":29,"column":2},"end":{"line":29,"column":null}},"17":{"start":{"line":36,"column":2},"end":{"line":36,"column":null}},"18":{"start":{"line":39,"column":2},"end":{"line":39,"column":null}},"19":{"start":{"line":42,"column":2},"end":{"line":42,"column":null}},"20":{"start":{"line":45,"column":2},"end":{"line":45,"column":null}},"21":{"start":{"line":48,"column":2},"end":{"line":48,"column":null}},"22":{"start":{"line":51,"column":2},"end":{"line":51,"column":null}},"23":{"start":{"line":13,"column":13},"end":{"line":52,"column":null}}},"fnMap":{"0":{"name":"(anonymous_2)","decl":{"start":{"line":5,"column":0},"end":{"line":5,"column":12}},"loc":{"start":{"line":5,"column":28},"end":{"line":10,"column":1}}},"1":{"name":"(anonymous_3)","decl":{"start":{"line":17,"column":13},"end":{"line":17,"column":16}},"loc":{"start":{"line":17,"column":19},"end":{"line":17,"column":26}}},"2":{"name":"(anonymous_4)","decl":{"start":{"line":24,"column":13},"end":{"line":24,"column":16}},"loc":{"start":{"line":24,"column":19},"end":{"line":24,"column":23}}}},"branchMap":{"0":{"loc":{"start":{"line":5,"column":12},"end":{"line":5,"column":null}},"type":"binary-expr","locations":[{"start":{"line":5,"column":12},"end":{"line":5,"column":28}},{"start":{"line":5,"column":28},"end":{"line":5,"column":null}}]}},"s":{"0":3,"1":3,"2":3,"3":3,"4":3,"5":3,"6":3,"7":3,"8":3,"9":3,"10":3,"11":3,"12":30,"13":3,"14":3,"15":30,"16":3,"17":3,"18":3,"19":3,"20":3,"21":3,"22":3,"23":3},"f":{"0":3,"1":30,"2":30},"b":{"0":[3,3]}}
,"/Users/steveyeh/Cursor/student-system/backend/src/models/Course.ts": {"path":"/Users/steveyeh/Cursor/student-system/backend/src/models/Course.ts","statementMap":{"0":{"start":{"line":1,"column":0},"end":{"line":1,"column":135}},"1":{"start":{"line":2,"column":0},"end":{"line":2,"column":30}},"2":{"start":{"line":5,"column":7},"end":{"line":45,"column":null}},"3":{"start":{"line":5,"column":13},"end":{"line":5,"column":19}},"4":{"start":{"line":7,"column":2},"end":{"line":7,"column":null}},"5":{"start":{"line":10,"column":2},"end":{"line":10,"column":null}},"6":{"start":{"line":13,"column":2},"end":{"line":13,"column":null}},"7":{"start":{"line":16,"column":2},"end":{"line":16,"column":null}},"8":{"start":{"line":19,"column":2},"end":{"line":19,"column":null}},"9":{"start":{"line":22,"column":2},"end":{"line":22,"column":null}},"10":{"start":{"line":25,"column":2},"end":{"line":25,"column":null}},"11":{"start":{"line":28,"column":2},"end":{"line":28,"column":null}},"12":{"start":{"line":31,"column":2},"end":{"line":31,"column":null}},"13":{"start":{"line":35,"column":2},"end":{"line":35,"column":null}},"14":{"start":{"line":33,"column":19},"end":{"line":33,"column":23}},"15":{"start":{"line":38,"column":2},"end":{"line":38,"column":null}},"16":{"start":{"line":41,"column":2},"end":{"line":41,"column":null}},"17":{"start":{"line":44,"column":2},"end":{"line":44,"column":null}},"18":{"start":{"line":5,"column":13},"end":{"line":45,"column":null}}},"fnMap":{"0":{"name":"(anonymous_2)","decl":{"start":{"line":33,"column":13},"end":{"line":33,"column":16}},"loc":{"start":{"line":33,"column":19},"end":{"line":33,"column":23}}}},"branchMap":{},"s":{"0":3,"1":3,"2":3,"3":3,"4":3,"5":3,"6":3,"7":3,"8":3,"9":3,"10":3,"11":3,"12":3,"13":3,"14":30,"15":3,"16":3,"17":3,"18":3},"f":{"0":30},"b":{}}
,"/Users/steveyeh/Cursor/student-system/backend/src/models/Session.ts": {"path":"/Users/steveyeh/Cursor/student-system/backend/src/models/Session.ts","statementMap":{"0":{"start":{"line":1,"column":0},"end":{"line":1,"column":124}},"1":{"start":{"line":2,"column":0},"end":{"line":2,"column":34}},"2":{"start":{"line":5,"column":7},"end":{"line":39,"column":null}},"3":{"start":{"line":5,"column":13},"end":{"line":5,"column":20}},"4":{"start":{"line":7,"column":2},"end":{"line":7,"column":null}},"5":{"start":{"line":11,"column":2},"end":{"line":11,"column":null}},"6":{"start":{"line":9,"column":19},"end":{"line":9,"column":25}},"7":{"start":{"line":14,"column":2},"end":{"line":14,"column":null}},"8":{"start":{"line":17,"column":2},"end":{"line":17,"column":null}},"9":{"start":{"line":20,"column":2},"end":{"line":20,"column":null}},"10":{"start":{"line":23,"column":2},"end":{"line":23,"column":null}},"11":{"start":{"line":26,"column":2},"end":{"line":26,"column":null}},"12":{"start":{"line":29,"column":2},"end":{"line":29,"column":null}},"13":{"start":{"line":32,"column":2},"end":{"line":32,"column":null}},"14":{"start":{"line":35,"column":2},"end":{"line":35,"column":null}},"15":{"start":{"line":38,"column":2},"end":{"line":38,"column":null}},"16":{"start":{"line":5,"column":13},"end":{"line":39,"column":null}}},"fnMap":{"0":{"name":"(anonymous_2)","decl":{"start":{"line":9,"column":13},"end":{"line":9,"column":16}},"loc":{"start":{"line":9,"column":19},"end":{"line":9,"column":25}}}},"branchMap":{},"s":{"0":3,"1":3,"2":3,"3":3,"4":3,"5":3,"6":30,"7":3,"8":3,"9":3,"10":3,"11":3,"12":3,"13":3,"14":3,"15":3,"16":3},"f":{"0":30},"b":{}}
,"/Users/steveyeh/Cursor/student-system/backend/src/models/User.ts": {"path":"/Users/steveyeh/Cursor/student-system/backend/src/models/User.ts","statementMap":{"0":{"start":{"line":1,"column":0},"end":{"line":1,"column":101}},"1":{"start":{"line":3,"column":0},"end":{"line":3,"column":null}},"2":{"start":{"line":4,"column":2},"end":{"line":4,"column":null}},"3":{"start":{"line":5,"column":2},"end":{"line":5,"column":null}},"4":{"start":{"line":6,"column":2},"end":{"line":6,"column":null}},"5":{"start":{"line":7,"column":2},"end":{"line":7,"column":null}},"6":{"start":{"line":11,"column":7},"end":{"line":51,"column":null}},"7":{"start":{"line":11,"column":13},"end":{"line":11,"column":17}},"8":{"start":{"line":13,"column":2},"end":{"line":13,"column":null}},"9":{"start":{"line":16,"column":2},"end":{"line":16,"column":null}},"10":{"start":{"line":19,"column":2},"end":{"line":19,"column":null}},"11":{"start":{"line":22,"column":2},"end":{"line":22,"column":null}},"12":{"start":{"line":29,"column":2},"end":{"line":29,"column":null}},"13":{"start":{"line":32,"column":2},"end":{"line":32,"column":null}},"14":{"start":{"line":35,"column":2},"end":{"line":35,"column":null}},"15":{"start":{"line":38,"column":2},"end":{"line":38,"column":null}},"16":{"start":{"line":41,"column":2},"end":{"line":41,"column":null}},"17":{"start":{"line":44,"column":2},"end":{"line":44,"column":null}},"18":{"start":{"line":47,"column":2},"end":{"line":47,"column":null}},"19":{"start":{"line":50,"column":2},"end":{"line":50,"column":null}},"20":{"start":{"line":11,"column":13},"end":{"line":51,"column":null}}},"fnMap":{"0":{"name":"(anonymous_2)","decl":{"start":{"line":3,"column":0},"end":{"line":3,"column":12}},"loc":{"start":{"line":3,"column":20},"end":{"line":8,"column":1}}}},"branchMap":{"0":{"loc":{"start":{"line":3,"column":12},"end":{"line":3,"column":null}},"type":"binary-expr","locations":[{"start":{"line":3,"column":12},"end":{"line":3,"column":20}},{"start":{"line":3,"column":20},"end":{"line":3,"column":null}}]}},"s":{"0":3,"1":3,"2":3,"3":3,"4":3,"5":3,"6":3,"7":3,"8":3,"9":3,"10":3,"11":3,"12":3,"13":3,"14":3,"15":3,"16":3,"17":3,"18":3,"19":3,"20":3},"f":{"0":3},"b":{"0":[3,3]}}
,"/Users/steveyeh/Cursor/student-system/backend/src/routes/attendance.routes.ts": {"path":"/Users/steveyeh/Cursor/student-system/backend/src/routes/attendance.routes.ts","statementMap":{"0":{"start":{"line":1,"column":0},"end":{"line":1,"column":33}},"1":{"start":{"line":2,"column":0},"end":{"line":2,"column":null}},"2":{"start":{"line":12,"column":0},"end":{"line":12,"column":62}},"3":{"start":{"line":13,"column":0},"end":{"line":13,"column":67}},"4":{"start":{"line":14,"column":0},"end":{"line":14,"column":107}},"5":{"start":{"line":16,"column":15},"end":{"line":16,"column":23}},"6":{"start":{"line":18,"column":0},"end":{"line":18,"column":83}},"7":{"start":{"line":19,"column":0},"end":{"line":19,"column":95}},"8":{"start":{"line":20,"column":0},"end":{"line":20,"column":46}},"9":{"start":{"line":21,"column":0},"end":{"line":21,"column":64}},"10":{"start":{"line":22,"column":0},"end":{"line":22,"column":64}},"11":{"start":{"line":23,"column":0},"end":{"line":23,"column":48}},"12":{"start":{"line":24,"column":0},"end":{"line":24,"column":85}},"13":{"start":{"line":25,"column":0},"end":{"line":25,"column":54}},"14":{"start":{"line":27,"column":0},"end":{"line":27,"column":22}}},"fnMap":{},"branchMap":{},"s":{"0":3,"1":3,"2":3,"3":3,"4":3,"5":3,"6":3,"7":3,"8":3,"9":3,"10":3,"11":3,"12":3,"13":3,"14":3},"f":{},"b":{}}
,"/Users/steveyeh/Cursor/student-system/backend/src/routes/auth.routes.ts": {"path":"/Users/steveyeh/Cursor/student-system/backend/src/routes/auth.routes.ts","statementMap":{"0":{"start":{"line":1,"column":0},"end":{"line":1,"column":33}},"1":{"start":{"line":2,"column":0},"end":{"line":2,"column":65}},"2":{"start":{"line":3,"column":0},"end":{"line":3,"column":67}},"3":{"start":{"line":4,"column":0},"end":{"line":4,"column":57}},"4":{"start":{"line":6,"column":15},"end":{"line":6,"column":23}},"5":{"start":{"line":8,"column":0},"end":{"line":8,"column":61}},"6":{"start":{"line":9,"column":0},"end":{"line":9,"column":52}},"7":{"start":{"line":11,"column":0},"end":{"line":11,"column":22}}},"fnMap":{},"branchMap":{},"s":{"0":3,"1":3,"2":3,"3":3,"4":3,"5":3,"6":3,"7":3},"f":{},"b":{}}
,"/Users/steveyeh/Cursor/student-system/backend/src/routes/course.routes.ts": {"path":"/Users/steveyeh/Cursor/student-system/backend/src/routes/course.routes.ts","statementMap":{"0":{"start":{"line":1,"column":0},"end":{"line":1,"column":33}},"1":{"start":{"line":2,"column":0},"end":{"line":2,"column":115}},"2":{"start":{"line":3,"column":0},"end":{"line":3,"column":62}},"3":{"start":{"line":4,"column":0},"end":{"line":4,"column":67}},"4":{"start":{"line":5,"column":0},"end":{"line":5,"column":70}},"5":{"start":{"line":7,"column":15},"end":{"line":7,"column":23}},"6":{"start":{"line":9,"column":0},"end":{"line":9,"column":75}},"7":{"start":{"line":10,"column":0},"end":{"line":10,"column":42}},"8":{"start":{"line":11,"column":0},"end":{"line":11,"column":44}},"9":{"start":{"line":12,"column":0},"end":{"line":12,"column":77}},"10":{"start":{"line":13,"column":0},"end":{"line":13,"column":50}},"11":{"start":{"line":15,"column":0},"end":{"line":15,"column":22}}},"fnMap":{},"branchMap":{},"s":{"0":3,"1":3,"2":3,"3":3,"4":3,"5":3,"6":3,"7":3,"8":3,"9":3,"10":3,"11":3},"f":{},"b":{}}
,"/Users/steveyeh/Cursor/student-system/backend/src/routes/session.routes.ts": {"path":"/Users/steveyeh/Cursor/student-system/backend/src/routes/session.routes.ts","statementMap":{"0":{"start":{"line":1,"column":0},"end":{"line":1,"column":33}},"1":{"start":{"line":2,"column":0},"end":{"line":2,"column":121}},"2":{"start":{"line":3,"column":0},"end":{"line":3,"column":62}},"3":{"start":{"line":4,"column":0},"end":{"line":4,"column":67}},"4":{"start":{"line":5,"column":0},"end":{"line":5,"column":73}},"5":{"start":{"line":7,"column":15},"end":{"line":7,"column":23}},"6":{"start":{"line":9,"column":0},"end":{"line":9,"column":77}},"7":{"start":{"line":10,"column":0},"end":{"line":10,"column":43}},"8":{"start":{"line":11,"column":0},"end":{"line":11,"column":45}},"9":{"start":{"line":12,"column":0},"end":{"line":12,"column":79}},"10":{"start":{"line":13,"column":0},"end":{"line":13,"column":51}},"11":{"start":{"line":15,"column":0},"end":{"line":15,"column":22}}},"fnMap":{},"branchMap":{},"s":{"0":3,"1":3,"2":3,"3":3,"4":3,"5":3,"6":3,"7":3,"8":3,"9":3,"10":3,"11":3},"f":{},"b":{}}
}
