TN:
SF:src/app.ts
FNF:0
FNH:0
DA:1,3
DA:2,3
DA:3,3
DA:6,3
DA:7,3
DA:8,3
DA:9,3
DA:11,3
DA:13,3
DA:14,3
DA:17,3
DA:18,3
DA:23,3
DA:24,3
DA:25,3
DA:26,3
DA:28,3
LF:17
LH:17
BRF:0
BRH:0
end_of_record
TN:
SF:src/config/database.ts
FNF:0
FNH:0
DA:1,3
DA:2,3
DA:3,3
DA:4,3
DA:5,3
DA:6,3
DA:8,3
DA:10,3
DA:12,3
LF:9
LH:9
BRDA:13,0,0,3
BRDA:13,0,1,0
BRDA:24,1,0,0
BRDA:24,1,1,0
BRDA:25,2,0,0
BRDA:25,2,1,0
BRDA:26,3,0,0
BRDA:26,3,1,0
BRDA:27,4,0,0
BRDA:27,4,1,0
BRDA:28,5,0,0
BRDA:28,5,1,0
BRF:12
BRH:1
end_of_record
TN:
SF:src/controllers/attendance.controller.ts
FN:13,(anonymous_0)
FN:104,(anonymous_1)
FN:153,(anonymous_2)
FN:178,(anonymous_3)
FN:209,(anonymous_4)
FN:252,(anonymous_5)
FN:282,(anonymous_6)
FN:308,(anonymous_7)
FN:334,(anonymous_8)
FNF:9
FNH:7
FNDA:2,(anonymous_0)
FNDA:0,(anonymous_1)
FNDA:0,(anonymous_2)
FNDA:1,(anonymous_3)
FNDA:2,(anonymous_4)
FNDA:1,(anonymous_5)
FNDA:1,(anonymous_6)
FNDA:1,(anonymous_7)
FNDA:2,(anonymous_8)
DA:2,3
DA:3,3
DA:4,3
DA:5,3
DA:7,3
DA:9,3
DA:10,3
DA:11,3
DA:13,3
DA:14,2
DA:15,2
DA:16,2
DA:17,1
DA:23,1
DA:24,1
DA:27,1
DA:28,0
DA:29,0
DA:30,0
DA:37,1
DA:42,1
DA:43,0
DA:50,1
DA:51,0
DA:58,1
DA:62,1
DA:63,0
DA:70,1
DA:77,1
DA:78,1
DA:84,0
DA:85,0
DA:87,0
DA:89,0
DA:96,0
DA:97,0
DA:104,3
DA:105,0
DA:106,0
DA:107,0
DA:108,0
DA:114,0
DA:117,0
DA:122,0
DA:123,0
DA:130,0
DA:131,0
DA:138,0
DA:145,0
DA:146,0
DA:153,0
DA:154,0
DA:155,0
DA:156,0
DA:157,0
DA:158,0
DA:161,0
DA:163,0
DA:170,0
DA:171,0
DA:178,3
DA:179,1
DA:180,1
DA:182,1
DA:183,1
DA:184,1
DA:186,1
DA:194,1
DA:201,0
DA:202,0
DA:209,3
DA:210,2
DA:211,2
DA:212,2
DA:213,2
DA:215,2
DA:220,2
DA:221,0
DA:227,2
DA:228,1
DA:234,1
DA:235,1
DA:237,1
DA:244,0
DA:245,0
DA:252,3
DA:253,1
DA:254,1
DA:255,1
DA:260,1
DA:261,0
DA:267,1
DA:274,0
DA:275,0
DA:282,3
DA:283,1
DA:284,1
DA:285,1
DA:293,1
DA:300,0
DA:301,0
DA:308,3
DA:309,1
DA:310,1
DA:311,1
DA:319,1
DA:326,0
DA:327,0
DA:334,3
DA:335,2
DA:336,2
DA:337,2
DA:339,2
DA:344,2
DA:345,0
DA:351,2
DA:352,1
DA:358,1
DA:359,0
DA:365,1
DA:367,1
DA:372,0
DA:373,0
LF:123
LH:72
BRDA:16,0,0,1
BRDA:27,1,0,0
BRDA:42,2,0,0
BRDA:50,3,0,0
BRDA:62,4,0,0
BRDA:77,5,0,1
BRDA:107,6,0,0
BRDA:122,7,0,0
BRDA:130,8,0,0
BRDA:145,9,0,0
BRDA:183,10,0,0
BRDA:184,11,0,0
BRDA:220,12,0,0
BRDA:227,13,0,1
BRDA:260,14,0,0
BRDA:344,15,0,0
BRDA:351,16,0,1
BRDA:358,17,0,0
BRF:18
BRH:4
end_of_record
TN:
SF:src/controllers/auth.controller.ts
FN:10,(anonymous_9)
FN:53,(anonymous_10)
FNF:2
FNH:2
FNDA:2,(anonymous_9)
FNDA:3,(anonymous_10)
DA:2,3
DA:3,3
DA:4,3
DA:5,3
DA:8,3
DA:10,3
DA:11,2
DA:12,2
DA:15,2
DA:16,2
DA:17,1
DA:23,1
DA:24,1
DA:25,1
DA:27,1
DA:30,1
DA:31,1
DA:38,1
DA:45,0
DA:46,0
DA:53,3
DA:54,3
DA:55,3
DA:58,3
DA:59,3
DA:60,1
DA:67,2
DA:68,2
DA:69,1
DA:76,1
DA:83,1
DA:85,1
DA:93,0
DA:94,0
LF:34
LH:30
BRDA:16,0,0,1
BRDA:59,1,0,1
BRDA:68,2,0,1
BRDA:78,3,0,1
BRDA:78,3,1,0
BRF:5
BRH:4
end_of_record
TN:
SF:src/controllers/course.controller.ts
FN:9,(anonymous_0)
FN:52,(anonymous_1)
FN:61,(anonymous_2)
FN:87,(anonymous_3)
FN:131,(anonymous_4)
FN:192,(anonymous_5)
FNF:6
FNH:6
FNDA:2,(anonymous_0)
FNDA:1,(anonymous_1)
FNDA:1,(anonymous_2)
FNDA:2,(anonymous_3)
FNDA:2,(anonymous_4)
FNDA:2,(anonymous_5)
DA:2,3
DA:3,3
DA:4,3
DA:7,3
DA:9,3
DA:10,2
DA:11,2
DA:12,2
DA:13,1
DA:19,1
DA:20,1
DA:21,1
DA:22,1
DA:24,1
DA:26,1
DA:44,0
DA:45,0
DA:52,3
DA:53,1
DA:54,1
DA:58,1
DA:61,1
DA:79,0
DA:80,0
DA:87,3
DA:88,2
DA:89,2
DA:90,2
DA:95,2
DA:96,1
DA:102,1
DA:123,0
DA:124,0
DA:131,3
DA:132,2
DA:133,2
DA:134,2
DA:135,2
DA:137,2
DA:142,2
DA:143,0
DA:149,2
DA:150,0
DA:156,2
DA:157,1
DA:163,1
DA:164,1
DA:166,1
DA:184,0
DA:185,0
DA:192,3
DA:193,2
DA:194,2
DA:195,2
DA:197,2
DA:202,2
DA:203,0
DA:209,2
DA:210,0
DA:216,2
DA:217,1
DA:223,1
DA:225,1
DA:230,0
DA:231,0
LF:65
LH:51
BRDA:12,0,0,1
BRDA:95,1,0,1
BRDA:142,2,0,0
BRDA:149,3,0,0
BRDA:156,4,0,1
BRDA:202,5,0,0
BRDA:209,6,0,0
BRDA:216,7,0,1
BRF:8
BRH:4
end_of_record
TN:
SF:src/controllers/session.controller.ts
FN:11,(anonymous_0)
FN:62,(anonymous_1)
FN:90,(anonymous_2)
FN:120,(anonymous_3)
FN:163,(anonymous_4)
FNF:5
FNH:0
FNDA:0,(anonymous_0)
FNDA:0,(anonymous_1)
FNDA:0,(anonymous_2)
FNDA:0,(anonymous_3)
FNDA:0,(anonymous_4)
DA:2,3
DA:3,3
DA:4,3
DA:5,3
DA:8,3
DA:9,3
DA:11,3
DA:12,0
DA:13,0
DA:14,0
DA:15,0
DA:21,0
DA:24,0
DA:28,0
DA:29,0
DA:35,0
DA:36,0
DA:42,0
DA:43,0
DA:45,0
DA:47,0
DA:54,0
DA:55,0
DA:62,3
DA:63,0
DA:64,0
DA:66,0
DA:75,0
DA:82,0
DA:83,0
DA:90,3
DA:91,0
DA:92,0
DA:93,0
DA:98,0
DA:99,0
DA:105,0
DA:112,0
DA:113,0
DA:120,3
DA:121,0
DA:122,0
DA:123,0
DA:124,0
DA:126,0
DA:131,0
DA:132,0
DA:138,0
DA:139,0
DA:145,0
DA:146,0
DA:148,0
DA:155,0
DA:156,0
DA:163,3
DA:164,0
DA:165,0
DA:166,0
DA:168,0
DA:173,0
DA:174,0
DA:180,0
DA:181,0
DA:187,0
DA:189,0
DA:194,0
DA:195,0
LF:67
LH:11
BRDA:14,0,0,0
BRDA:28,1,0,0
BRDA:35,2,0,0
BRDA:67,3,0,0
BRDA:67,3,1,0
BRDA:98,4,0,0
BRDA:131,5,0,0
BRDA:138,6,0,0
BRDA:173,7,0,0
BRDA:180,8,0,0
BRF:10
BRH:0
end_of_record
TN:
SF:src/dtos/attendance.dto.ts
FN:15,(anonymous_2)
FN:23,(anonymous_3)
FN:28,(anonymous_4)
FN:44,(anonymous_5)
FN:49,(anonymous_6)
FNF:5
FNH:3
FNDA:2,(anonymous_2)
FNDA:2,(anonymous_3)
FNDA:2,(anonymous_4)
FNDA:0,(anonymous_5)
FNDA:0,(anonymous_6)
DA:1,3
DA:2,3
DA:3,3
DA:5,3
DA:7,3
DA:10,3
DA:15,2
DA:16,3
DA:20,3
DA:23,2
DA:25,3
DA:28,2
DA:30,3
DA:33,3
DA:37,3
DA:41,3
DA:44,0
DA:46,3
DA:49,0
DA:51,3
DA:54,3
DA:56,3
DA:59,3
LF:23
LH:21
BRF:0
BRH:0
end_of_record
TN:
SF:src/dtos/auth.dto.ts
FNF:0
FNH:0
DA:1,3
DA:2,3
DA:4,3
DA:8,3
DA:11,3
DA:19,3
DA:22,3
DA:26,3
DA:31,3
DA:36,3
DA:43,3
DA:46,3
DA:48,3
DA:51,3
LF:14
LH:14
BRF:0
BRH:0
end_of_record
TN:
SF:src/dtos/course.dto.ts
FN:19,(anonymous_2)
FN:23,(anonymous_3)
FNF:2
FNH:2
FNDA:4,(anonymous_2)
FNDA:4,(anonymous_3)
DA:1,3
DA:2,3
DA:4,3
DA:8,3
DA:13,3
DA:17,3
DA:19,4
DA:21,3
DA:23,4
DA:25,3
DA:29,3
DA:33,3
DA:37,3
DA:40,3
LF:14
LH:14
BRF:0
BRH:0
end_of_record
TN:
SF:src/dtos/session.dto.ts
FN:18,(anonymous_2)
FNF:1
FNH:0
FNDA:0,(anonymous_2)
DA:1,3
DA:2,3
DA:4,3
DA:6,3
DA:11,3
DA:16,3
DA:18,0
DA:20,3
DA:27,3
DA:34,3
DA:38,3
DA:41,3
LF:12
LH:11
BRF:0
BRH:0
end_of_record
TN:
SF:src/middlewares/auth.middleware.ts
FN:14,(anonymous_9)
FNF:1
FNH:1
FNDA:21,(anonymous_9)
DA:2,3
DA:3,3
DA:4,3
DA:14,3
DA:15,21
DA:16,21
DA:17,21
DA:18,0
DA:24,21
DA:25,21
DA:27,21
DA:28,21
DA:29,21
DA:30,0
DA:36,21
DA:37,21
DA:39,0
DA:40,0
LF:18
LH:14
BRDA:17,0,0,0
BRDA:17,1,0,21
BRDA:17,1,1,21
BRDA:25,2,0,21
BRDA:25,2,1,0
BRDA:29,3,0,0
BRF:6
BRH:3
end_of_record
TN:
SF:src/middlewares/validation.middleware.ts
FN:5,(anonymous_0)
FN:6,(anonymous_1)
FN:16,(anonymous_2)
FNF:3
FNH:3
FNDA:27,(anonymous_0)
FNDA:16,(anonymous_1)
FNDA:9,(anonymous_2)
DA:2,3
DA:3,3
DA:5,3
DA:6,27
DA:7,16
DA:10,16
DA:15,16
DA:16,3
DA:17,9
DA:18,9
DA:20,0
DA:23,3
DA:24,3
DA:30,13
DA:31,13
LF:15
LH:14
BRDA:15,0,0,3
BRDA:17,1,0,9
BRF:2
BRH:2
end_of_record
TN:
SF:src/models/AttendanceRecord.ts
FN:5,(anonymous_2)
FN:17,(anonymous_3)
FN:24,(anonymous_4)
FNF:3
FNH:3
FNDA:3,(anonymous_2)
FNDA:30,(anonymous_3)
FNDA:30,(anonymous_4)
DA:1,3
DA:2,3
DA:3,3
DA:5,3
DA:6,3
DA:7,3
DA:8,3
DA:9,3
DA:13,3
DA:15,3
DA:17,30
DA:19,3
DA:22,3
DA:24,30
DA:26,3
DA:29,3
DA:36,3
DA:39,3
DA:42,3
DA:45,3
DA:48,3
DA:51,3
LF:22
LH:22
BRDA:5,0,0,3
BRDA:5,0,1,3
BRF:2
BRH:2
end_of_record
TN:
SF:src/models/Course.ts
FN:33,(anonymous_2)
FNF:1
FNH:1
FNDA:30,(anonymous_2)
DA:1,3
DA:2,3
DA:5,3
DA:7,3
DA:10,3
DA:13,3
DA:16,3
DA:19,3
DA:22,3
DA:25,3
DA:28,3
DA:31,3
DA:33,30
DA:35,3
DA:38,3
DA:41,3
DA:44,3
LF:17
LH:17
BRF:0
BRH:0
end_of_record
TN:
SF:src/models/Session.ts
FN:9,(anonymous_2)
FNF:1
FNH:1
FNDA:30,(anonymous_2)
DA:1,3
DA:2,3
DA:5,3
DA:7,3
DA:9,30
DA:11,3
DA:14,3
DA:17,3
DA:20,3
DA:23,3
DA:26,3
DA:29,3
DA:32,3
DA:35,3
DA:38,3
LF:15
LH:15
BRF:0
BRH:0
end_of_record
TN:
SF:src/models/User.ts
FN:3,(anonymous_2)
FNF:1
FNH:1
FNDA:3,(anonymous_2)
DA:1,3
DA:3,3
DA:4,3
DA:5,3
DA:6,3
DA:7,3
DA:11,3
DA:13,3
DA:16,3
DA:19,3
DA:22,3
DA:29,3
DA:32,3
DA:35,3
DA:38,3
DA:41,3
DA:44,3
DA:47,3
DA:50,3
LF:19
LH:19
BRDA:3,0,0,3
BRDA:3,0,1,3
BRF:2
BRH:2
end_of_record
TN:
SF:src/routes/attendance.routes.ts
FNF:0
FNH:0
DA:1,3
DA:2,3
DA:12,3
DA:13,3
DA:14,3
DA:16,3
DA:18,3
DA:19,3
DA:20,3
DA:21,3
DA:22,3
DA:23,3
DA:24,3
DA:25,3
DA:27,3
LF:15
LH:15
BRF:0
BRH:0
end_of_record
TN:
SF:src/routes/auth.routes.ts
FNF:0
FNH:0
DA:1,3
DA:2,3
DA:3,3
DA:4,3
DA:6,3
DA:8,3
DA:9,3
DA:11,3
LF:8
LH:8
BRF:0
BRH:0
end_of_record
TN:
SF:src/routes/course.routes.ts
FNF:0
FNH:0
DA:1,3
DA:2,3
DA:3,3
DA:4,3
DA:5,3
DA:7,3
DA:9,3
DA:10,3
DA:11,3
DA:12,3
DA:13,3
DA:15,3
LF:12
LH:12
BRF:0
BRH:0
end_of_record
TN:
SF:src/routes/session.routes.ts
FNF:0
FNH:0
DA:1,3
DA:2,3
DA:3,3
DA:4,3
DA:5,3
DA:7,3
DA:9,3
DA:10,3
DA:11,3
DA:12,3
DA:13,3
DA:15,3
LF:12
LH:12
BRF:0
BRH:0
end_of_record
